 
****************************************
Report : area
Design : MY_DESIGN_1
Version: K-2015.06
Date   : Thu Dec 11 20:26:18 2025
****************************************

Library(s) Used:

    gscl45nm (File: /home/IC/Desktop/DC1_2013.03/ref/libs/mw_lib/sc/LM/gscl45nm.db)

Number of ports:                           90
Number of nets:                           273
Number of cells:                          194
Number of combinational cells:            171
Number of sequential cells:                20
Number of macros/black boxes:               0
Number of buf/inv:                         67
Number of references:                      13

Combinational area:                506.374696
Buf/Inv area:                      112.162697
Noncombinational area:             159.561996
Macro/Black Box area:                0.000000
Net Interconnect area:      undefined  (No wire load specified)

Total cell area:                   665.936693
Total area:                 undefined
1
